<?xml version="1.0" encoding="UTF-8"?>
<!-- Generated by org.testng.reporters.JUnitReportReporter -->
<testsuite hostname="DESKTOP-9H0AI10" failures="0" tests="2" name="JavaTest.JavaTestNG" time="15.061" errors="0" timestamp="2024-03-25T12:22:16 CST" skipped="0">
  <testcase classname="JavaTest.JavaTestNG" name="TestCase" time="7.476"/>
  <testcase classname="JavaTest.JavaTestNG" name="TestCase" time="7.585"/>
</testsuite> <!-- JavaTest.JavaTestNG -->
