<?xml version="1.0" encoding="UTF-8"?>
<!-- Generated by org.testng.reporters.JUnitReportReporter -->
<testsuite hostname="DESKTOP-9H0AI10" failures="0" tests="8" name="JavaTest.JavaTestNG" time="18.510" errors="0" timestamp="2024-04-09T11:38:48 CST" skipped="0">
  <testcase classname="JavaTest.JavaTestNG" name="MyTest" time="0.011"/>
  <testcase classname="JavaTest.JavaTestNG" name="TestCase191" time="7.251"/>
  <testcase classname="JavaTest.JavaTestNG" name="MyTest" time="0.002"/>
  <testcase classname="JavaTest.JavaTestNG" name="TestCase191" time="3.037"/>
  <testcase classname="JavaTest.JavaTestNG" name="TestCase191" time="2.238"/>
  <testcase classname="JavaTest.JavaTestNG" name="MyTest" time="0.003"/>
  <testcase classname="JavaTest.JavaTestNG" name="MyTest" time="0.003"/>
  <testcase classname="JavaTest.JavaTestNG" name="TestCase191" time="5.965"/>
</testsuite> <!-- JavaTest.JavaTestNG -->
