<?xml version="1.0" encoding="UTF-8"?>
<!-- Generated by org.testng.reporters.JUnitReportReporter -->
<testsuite hostname="DESKTOP-9H0AI10" failures="0" tests="4" name="JavaTest.JavaTestNG" time="42.487" errors="0" timestamp="2024-04-01T11:59:22 CST" skipped="0">
  <testcase classname="JavaTest.JavaTestNG" name="TestCase17" time="14.679"/>
  <testcase classname="JavaTest.JavaTestNG" name="TestCase19" time="6.371"/>
  <testcase classname="JavaTest.JavaTestNG" name="TestCase17" time="14.844"/>
  <testcase classname="JavaTest.JavaTestNG" name="TestCase19" time="6.593"/>
</testsuite> <!-- JavaTest.JavaTestNG -->
