<?xml version="1.0" encoding="UTF-8"?>
<!-- Generated by org.testng.reporters.JUnitReportReporter -->
<testsuite hostname="DESKTOP-9H0AI10" failures="0" tests="8" name="JavaTest.JavaTestNG" time="17.697" errors="0" timestamp="2024-04-04T11:38:03 CST" skipped="0">
  <testcase classname="JavaTest.JavaTestNG" name="TestCase191" time="2.688"/>
  <testcase classname="JavaTest.JavaTestNG" name="MyTest" time="0.003"/>
  <testcase classname="JavaTest.JavaTestNG" name="TestCase191" time="2.661"/>
  <testcase classname="JavaTest.JavaTestNG" name="MyTest" time="0.009"/>
  <testcase classname="JavaTest.JavaTestNG" name="MyTest" time="0.003"/>
  <testcase classname="JavaTest.JavaTestNG" name="TestCase191" time="5.791"/>
  <testcase classname="JavaTest.JavaTestNG" name="MyTest" time="0.002"/>
  <testcase classname="JavaTest.JavaTestNG" name="TestCase191" time="6.540"/>
</testsuite> <!-- JavaTest.JavaTestNG -->
