<?xml version="1.0" encoding="UTF-8"?>
<!-- Generated by org.testng.reporters.JUnitReportReporter -->
<testsuite hostname="DESKTOP-9H0AI10" failures="0" tests="8" name="JavaTest.JavaTestNG" time="18.023" errors="0" timestamp="2024-04-04T11:07:23 CST" skipped="0">
  <testcase classname="JavaTest.JavaTestNG" name="TestCase191" time="2.675"/>
  <testcase classname="JavaTest.JavaTestNG" name="MyTest" time="0.002"/>
  <testcase classname="JavaTest.JavaTestNG" name="TestCase191" time="6.066"/>
  <testcase classname="JavaTest.JavaTestNG" name="MyTest" time="0.007"/>
  <testcase classname="JavaTest.JavaTestNG" name="MyTest" time="0.006"/>
  <testcase classname="JavaTest.JavaTestNG" name="TestCase191" time="2.700"/>
  <testcase classname="JavaTest.JavaTestNG" name="MyTest" time="0.003"/>
  <testcase classname="JavaTest.JavaTestNG" name="TestCase191" time="6.564"/>
</testsuite> <!-- JavaTest.JavaTestNG -->
